Area 637522
NumHardBlocks 110
m110 41 665 0
m107 0 1686 0
m109 8 728 0
m100 81 1552 0
m99 8 130 0
m98 0 0 0
m97 8 2030 1
m93 63 1500 0
m92 16 1214 0
m91 16 584 1
m89 8 1689 0
m88 209 1155 0
m86 8 680 1
m85 161 1222 1
m83 8 96 1
m77 112 0 1
m74 0 1593 1
m73 8 480 0
m70 42 409 0
m69 8 1878 1
m67 16 551 0
m108 0 1828 0
m65 189 1416 1
m90 8 1752 0
m64 161 1024 0
m81 181 1349 1
m62 63 1623 0
m68 252 1218 0
m61 112 219 0
m1 208 1733 0
m84 8 1466 1
m28 16 728 0
m27 16 1316 0
m49 81 1466 0
m54 205 408 0
m24 94 338 0
m72 42 480 0
m37 41 632 0
m20 179 857 0
m60 112 345 0
m22 179 655 0
m18 239 756 0
m35 8 1815 0
m17 239 857 0
m82 76 196 0
m38 161 1189 0
m56 112 93 0
m103 181 1383 0
m15 115 1796 0
m29 16 900 0
m6 208 1670 0
m5 208 1607 0
m53 112 156 0
m71 8 409 0
m16 115 1859 0
m14 208 1796 0
m11 115 1922 0
m10 208 1922 0
m79 8 2048 0
m66 189 1383 0
m8 115 1607 0
m3 115 1985 0
m101 8 551 0
m4 115 1733 0
m31 189 1509 1
m21 239 655 0
m7 115 1670 0
m9 208 2048 0
m102 0 96 0
m23 76 338 0
m40 161 1156 0
m94 161 797 0
m42 8 196 0
m12 115 2048 0
m30 94 471 0
m105 16 1072 0
m78 209 958 0
m26 252 1412 0
m36 115 1514 1
m96 16 986 0
m63 115 1466 1
m32 8 1967 0
m33 181 1256 1
m80 264 0 0
m2 208 1985 0
m58 205 219 0
m104 161 655 0
m34 0 1500 1
m39 8 632 1
m75 209 1092 0
m41 42 196 0
m43 42 267 0
m76 76 267 0
m25 16 814 0
m44 8 267 0
m45 42 338 0
m48 161 1090 0
m19 179 756 0
m13 208 1859 0
m46 8 338 0
m59 205 345 0
m47 161 958 0
m50 205 156 0
m51 205 282 0
m106 8 870 0
m52 112 282 0
m55 205 93 0
m95 246 0 0
m87 81 1504 1
m57 112 408 0
