Area 630252
NumHardBlocks 65
m65 429 123 0
m64 256 737 1
m62 184 48 0
m61 551 111 0
m1 172 196 0
m28 208 159 1
m27 294 159 1
m49 98 1007 0
m54 405 295 0
m24 380 48 0
m37 184 24 1
m20 170 860 1
m60 24 708 0
m22 160 0 1
m18 295 380 1
m35 170 896 1
m17 184 552 0
m38 98 876 1
m56 0 708 0
m15 246 0 1
m29 318 270 0
m6 74 195 0
m5 74 537 0
m53 160 24 0
m16 295 404 1
m14 148 0 0
m11 0 24 0
m10 74 24 0
m8 0 537 0
m3 478 0 1
m4 184 380 0
m31 294 356 1
m21 209 920 0
m7 0 195 0
m9 74 366 0
m23 294 48 1
m40 160 110 0
m42 0 794 0
m12 0 366 0
m30 294 270 0
m26 208 48 1
m36 256 467 1
m63 160 196 0
m32 208 356 1
m33 270 270 0
m2 0 876 0
m58 170 638 1
m34 246 270 0
m39 48 708 0
m41 208 466 0
m43 392 12 1
m25 196 48 0
m44 98 920 0
m45 455 1007 0
m48 344 1007 0
m19 405 209 0
m13 148 232 0
m46 209 1007 0
m59 405 381 0
m47 320 1007 0
m50 405 123 0
m51 160 527 0
m52 170 749 1
m55 0 0 1
m57 184 466 0
