Wirelength 201582
NumHardBlocks 100
hb98 85 196 1
hb96 0 220 1
hb95 300 0 1
hb91 132 120 0
hb90 188 120 0
hb97 28 373 1
hb88 335 120 1
hb85 60 196 1
hb83 303 373 0
hb81 328 331 1
hb79 319 0 1
hb76 187 196 1
hb73 0 270 1
hb70 174 331 0
hb68 67 392 1
hb67 67 270 1
hb66 377 270 0
hb92 325 373 0
hb65 387 0 1
hb64 252 392 1
hb84 137 0 1
hb71 159 0 1
hb63 65 120 1
hb61 66 246 0
hb93 181 0 1
hb26 0 331 0
hb54 95 373 1
hb56 380 373 1
hb22 343 270 1
hb48 360 0 1
hb72 180 270 0
hb21 263 220 0
hb69 316 270 1
hb17 100 220 1
hb20 156 373 0
hb19 182 67 0
hb77 216 0 1
hb53 186 220 1
hb89 272 157 1
hb18 395 392 0
hb16 144 270 0
hb86 107 270 1
hb28 173 157 1
hb2 259 331 0
hb82 125 67 1
hb15 66 67 0
hb59 285 120 0
hb13 268 270 0
hb40 227 120 0
hb14 130 392 0
hb60 147 196 0
hb37 0 196 1
hb8 333 392 1
hb23 166 220 0
hb99 0 67 1
hb0 216 331 0
hb11 385 157 1
hb94 193 392 1
hb1 0 120 0
hb4 351 373 0
hb46 219 157 1
hb5 124 157 1
hb7 303 196 1
hb24 213 67 1
hb27 112 0 0
hb36 0 157 1
hb10 251 373 1
hb55 207 220 1
hb9 312 331 0
hb74 343 157 1
hb49 65 0 0
hb80 193 373 1
hb31 66 220 1
hb35 241 157 0
hb29 343 196 1
hb30 277 196 1
hb25 120 331 0
hb32 264 67 0
hb33 110 120 0
hb6 0 47 0
hb34 241 270 0
hb38 220 196 1
hb87 299 157 1
hb52 327 220 0
hb39 387 67 1
hb42 325 67 0
hb43 381 220 0
hb44 0 0 0
hb45 241 67 0
hb47 55 331 0
hb3 359 120 1
hb57 307 67 0
hb78 253 120 1
hb50 0 392 0
hb12 378 331 0
hb51 67 157 1
hb75 0 373 1
hb62 0 424 0
hb41 273 0 0
hb58 299 392 1
