Wirelength 538626
NumHardBlocks 300
hb299 451 537 0
hb298 95 47 0
hb295 421 135 1
hb294 280 537 1
hb293 187 89 1
hb292 137 382 1
hb290 169 354 0
hb288 133 354 1
hb287 206 89 1
hb286 458 180 1
hb285 286 450 1
hb282 310 89 1
hb281 204 472 1
hb280 408 450 0
hb272 406 47 0
hb271 385 135 1
hb269 131 253 1
hb268 182 472 0
hb267 196 216 1
hb265 402 382 0
hb264 267 382 0
hb263 317 0 1
hb259 83 503 1
hb258 453 253 0
hb255 0 0 1
hb254 409 354 1
hb253 312 382 1
hb252 244 325 0
hb247 235 216 1
hb246 129 503 1
hb245 35 382 0
hb244 254 253 1
hb241 519 382 0
hb239 438 406 0
hb238 76 354 1
hb237 278 472 1
hb236 397 180 1
hb235 273 406 1
hb230 149 472 1
hb228 0 47 1
hb227 44 291 0
hb226 215 431 0
hb223 362 450 1
hb221 495 354 1
hb219 94 291 1
hb218 342 537 0
hb217 507 537 1
hb216 249 89 1
hb213 80 431 0
hb248 513 135 1
hb212 410 472 1
hb210 220 406 0
hb208 381 450 0
hb206 485 216 0
hb205 226 450 1
hb279 474 135 0
hb266 0 135 1
hb203 434 216 0
hb201 119 325 0
hb291 308 325 1
hb199 173 503 1
hb243 209 503 0
hb93 308 354 0
hb225 84 253 0
hb95 482 47 0
hb91 464 537 0
hb90 64 406 0
hb88 327 216 1
hb86 128 47 1
hb146 326 180 0
hb77 43 537 0
hb215 342 354 0
hb33 363 0 0
hb73 125 537 1
hb94 347 253 1
hb58 248 406 0
hb70 39 0 0
hb24 226 325 0
hb68 150 291 1
hb66 50 47 1
hb186 434 89 0
hb79 493 89 1
hb67 95 503 0
hb214 145 325 0
hb83 40 216 1
hb148 125 431 1
hb65 351 431 1
hb64 155 0 1
hb82 176 382 0
hb188 0 216 1
hb256 447 382 1
hb46 213 450 1
hb274 418 537 0
hb166 511 291 1
hb202 171 180 1
hb71 67 135 1
hb61 178 135 0
hb63 301 253 1
hb60 225 354 0
hb55 527 216 0
hb261 409 135 0
hb52 43 431 0
hb231 57 291 0
hb59 450 0 1
hb112 405 325 0
hb19 374 180 1
hb72 397 503 1
hb211 185 354 1
hb47 172 47 1
hb103 253 180 0
hb16 408 0 1
hb209 142 135 1
hb26 115 354 1
hb96 377 291 0
hb18 99 135 0
hb1 197 354 1
hb84 524 253 0
hb163 88 472 0
hb11 355 406 0
hb128 465 89 1
hb56 351 503 0
hb108 0 89 0
hb276 313 216 1
hb229 354 382 1
hb147 468 472 1
hb182 131 0 1
hb197 340 89 1
hb22 0 503 0
hb7 105 180 1
hb134 464 291 1
hb45 0 406 0
hb0 171 537 0
hb107 434 135 1
hb37 76 472 0
hb139 134 180 1
hb57 221 0 1
hb275 473 354 0
hb262 35 503 1
hb17 119 216 0
hb32 48 135 0
hb207 301 291 1
hb184 174 406 0
hb53 306 537 0
hb234 255 47 1
hb124 403 216 0
hb277 170 0 0
hb3 241 450 1
hb12 254 431 0
hb10 134 472 0
hb87 230 135 1
hb13 329 291 1
hb15 135 291 1
hb27 44 253 1
hb80 480 431 0
hb144 470 450 1
hb249 497 253 1
hb85 210 180 1
hb51 201 431 0
hb195 276 291 1
hb251 195 291 0
hb30 246 503 0
hb136 274 216 1
hb9 499 180 0
hb89 99 0 0
hb69 84 89 1
hb48 338 47 0
hb115 436 180 1
hb164 37 180 1
hb8 319 406 1
hb6 371 354 0
hb153 510 472 0
hb157 109 503 0
hb78 466 47 1
hb25 30 325 1
hb4 324 135 0
hb127 449 135 0
hb81 408 431 1
hb50 337 431 1
hb74 412 503 0
hb35 213 354 0
hb106 119 0 0
hb204 423 291 0
hb125 278 135 0
hb20 498 325 0
hb196 518 89 0
hb224 364 135 1
hb138 366 47 1
hb40 451 325 1
hb190 286 216 1
hb62 273 47 0
hb162 439 450 0
hb101 149 253 0
hb75 198 537 1
hb189 305 0 1
hb260 111 89 1
hb233 254 382 1
hb29 375 325 1
hb273 87 450 1
hb23 123 89 1
hb179 468 503 0
hb34 289 291 1
hb200 212 47 0
hb2 222 472 0
hb36 89 325 1
hb194 121 472 1
hb39 468 431 0
hb41 319 47 1
hb133 0 537 1
hb102 430 47 1
hb270 233 406 1
hb181 48 472 1
hb5 452 472 0
hb31 371 216 0
hb43 117 450 0
hb14 209 135 1
hb97 145 431 0
hb99 156 450 0
hb156 162 325 1
hb296 435 325 0
hb104 83 537 0
hb132 215 382 1
hb250 331 472 1
hb105 514 503 0
hb109 268 89 0
hb110 182 0 0
hb284 73 291 1
hb113 437 354 0
hb114 0 253 1
hb116 440 431 0
hb100 55 0 0
hb117 0 354 0
hb257 266 503 0
hb118 210 253 0
hb119 263 325 1
hb120 449 216 0
hb121 267 253 0
hb145 235 537 1
hb38 316 431 0
hb122 510 450 0
hb123 536 0 0
hb180 24 406 1
hb126 394 47 1
hb191 374 431 1
hb129 227 89 1
hb154 460 382 1
hb111 455 503 0
hb130 0 325 0
hb289 0 180 1
hb131 368 89 0
hb232 396 406 0
hb135 271 431 0
hb137 532 382 1
hb240 110 406 1
hb140 0 431 1
hb283 112 431 0
hb54 321 503 0
hb141 129 406 1
hb143 112 382 1
hb149 0 450 0
hb49 0 472 1
hb150 112 291 0
hb151 416 89 0
hb152 185 431 0
hb155 328 354 1
hb92 37 89 1
hb44 351 325 1
hb158 318 472 1
hb192 178 325 1
hb159 0 291 0
hb242 47 450 1
hb21 264 354 1
hb178 196 450 0
hb160 73 325 1
hb161 140 89 1
hb42 407 253 0
hb165 337 382 1
hb174 319 450 0
hb98 0 382 1
hb167 160 216 0
hb278 477 382 1
hb142 39 354 1
hb76 269 0 1
hb168 71 382 1
hb170 365 472 1
hb171 511 325 1
hb220 20 47 0
hb28 325 382 1
hb172 308 503 1
hb173 283 503 0
hb187 81 216 1
hb175 422 354 0
hb222 244 472 0
hb176 238 291 1
hb169 478 406 1
hb177 366 253 0
hb183 287 180 1
hb297 179 253 1
hb185 78 180 0
hb193 385 537 0
hb198 488 0 0
