Wirelength 423041
NumHardBlocks 200
hb199 347 0 1
hb93 45 251 0
hb95 120 19 0
hb91 41 436 0
hb90 32 167 0
hb88 84 70 0
hb86 274 167 0
hb146 267 251 1
hb77 34 114 0
hb33 69 309 0
hb73 41 195 1
hb94 147 351 0
hb58 0 195 1
hb70 41 422 0
hb24 252 251 1
hb68 443 214 1
hb66 138 133 0
hb186 79 195 1
hb79 120 0 1
hb67 236 70 1
hb83 148 195 1
hb148 222 133 0
hb65 380 375 0
hb64 145 375 1
hb82 301 251 0
hb188 157 0 1
hb46 394 114 0
hb166 374 422 1
hb71 391 133 0
hb61 118 214 0
hb63 120 44 1
hb60 270 309 0
hb55 40 153 1
hb52 151 214 0
hb59 224 375 0
hb112 106 114 1
hb19 86 153 0
hb72 433 133 1
hb47 332 351 1
hb103 333 251 0
hb16 168 284 0
hb26 0 422 1
hb96 349 284 1
hb18 185 195 0
hb1 87 309 0
hb84 199 70 1
hb163 410 375 0
hb11 178 214 0
hb128 274 422 1
hb56 234 284 0
hb108 239 133 1
hb147 0 182 1
hb182 346 422 1
hb197 253 0 0
hb22 175 422 0
hb7 394 284 0
hb134 436 251 1
hb45 161 422 0
hb0 169 28 1
hb107 25 422 1
hb37 451 167 0
hb139 20 214 1
hb57 58 114 1
hb17 365 251 1
hb32 323 422 0
hb184 40 133 1
hb53 272 114 0
hb124 367 375 0
hb3 257 195 1
hb12 326 214 1
hb10 0 251 0
hb87 152 114 0
hb13 41 375 0
hb15 402 422 1
hb27 0 114 0
hb80 439 195 0
hb144 103 284 1
hb85 106 309 0
hb51 298 167 1
hb195 186 284 1
hb30 148 167 0
hb136 210 114 0
hb9 192 214 0
hb89 157 28 0
hb69 219 195 1
hb48 306 351 1
hb115 368 214 1
hb164 242 167 0
hb8 0 167 0
hb6 169 133 1
hb153 72 70 1
hb157 103 422 1
hb78 285 375 0
hb25 238 214 0
hb4 129 251 0
hb127 0 325 0
hb81 274 351 0
hb50 210 251 1
hb74 85 434 1
hb35 452 251 0
hb106 356 309 0
hb125 44 351 1
hb20 271 133 0
hb196 289 114 0
hb138 373 351 0
hb40 392 167 1
hb190 84 214 1
hb62 398 214 1
hb162 311 375 1
hb101 226 422 1
hb75 346 351 1
hb189 118 133 1
hb29 347 102 1
hb23 422 284 0
hb179 0 375 1
hb34 234 114 1
hb2 89 375 0
hb36 230 167 1
hb194 418 309 1
hb39 168 251 1
hb41 59 133 0
hb133 304 195 1
hb102 128 70 0
hb181 209 309 0
hb5 222 28 1
hb31 402 195 0
hb43 182 133 0
hb14 122 351 1
hb97 201 422 0
hb99 0 214 1
hb156 300 309 0
hb104 132 284 0
hb132 356 114 0
hb105 178 309 1
hb109 222 284 0
hb110 0 351 0
hb113 197 0 0
hb114 363 195 0
hb116 319 309 0
hb100 123 167 1
hb117 154 309 0
hb118 274 214 0
hb119 162 351 1
hb120 130 375 0
hb121 391 251 1
hb145 299 133 0
hb38 197 167 0
hb122 42 70 1
hb123 313 214 0
hb180 127 195 1
hb126 390 309 1
hb191 185 28 1
hb129 153 70 1
hb154 0 70 0
hb111 197 114 1
hb130 323 375 0
hb131 31 284 0
hb135 270 375 0
hb137 433 167 1
hb140 323 455 1
hb54 75 133 0
hb141 293 284 1
hb143 115 422 0
hb149 100 351 0
hb49 0 133 0
hb150 155 251 0
hb151 181 167 0
hb152 51 214 0
hb155 85 422 1
hb92 299 422 1
hb44 386 422 1
hb158 328 114 0
hb192 72 351 1
hb159 67 284 1
hb21 286 70 1
hb178 358 422 1
hb160 212 375 0
hb161 403 351 1
hb42 193 375 0
hb165 88 251 0
hb174 251 133 1
hb98 0 309 1
hb167 316 195 0
hb142 77 167 1
hb76 89 410 0
hb168 256 284 0
hb170 198 351 1
hb171 344 133 0
hb28 224 309 0
hb172 0 284 0
hb173 325 70 1
hb187 327 284 0
hb175 379 133 1
hb176 165 167 1
hb169 346 167 0
hb177 243 351 1
hb183 112 70 1
hb185 273 70 0
hb193 26 309 1
hb198 0 0 1
