###############################################################
#  Generated by:      Cadence Innovus 21.13-s100_1
#  OS:                Linux x86_64(Host ID ic53)
#  Generated on:      Fri Mar  7 16:17:02 2025
#  Design:            sha256
#  Command:           report_timing > ../timing_0.7_780.rpt
###############################################################
Path 1: MET Setup Check with Pin core_a_reg_reg[26]/CLK 
Endpoint:   core_a_reg_reg[26]/D     (^) checked with  leading edge of 'clk'
Beginpoint: core_t_ctr_reg_reg[4]/QN (^) triggered by  leading edge of 'clk'
Path Groups: {clk}
Analysis View: view_tc
Other End Arrival Time          0.000
- Setup                        17.373
+ Phase Shift                 780.000
= Required Time               762.627
- Arrival Time                727.500
= Slack Time                   35.127
     Clock Rise Edge                 0.000
     + Clock Network Latency (Ideal) 0.000
     = Beginpoint Arrival Time       0.000
     +--------------------------------------------------------------------------------------------------------------------+ 
     |                 Instance                  |      Arc      |           Cell           |  Delay | Arrival | Required | 
     |                                           |               |                          |        |  Time   |   Time   | 
     |-------------------------------------------+---------------+--------------------------+--------+---------+----------| 
     | core_t_ctr_reg_reg[4]                     | CLK ^         |                          |        |   0.000 |   35.127 | 
     | core_t_ctr_reg_reg[4]                     | CLK ^ -> QN ^ | DFFASRHQNx1_ASAP7_75t_SL | 70.200 |  70.200 |  105.327 | 
     | g664                                      | A ^ -> Y v    | INVx1_ASAP7_75t_SL       | 50.800 | 121.000 |  156.127 | 
     | g68527                                    | A v -> Y v    | AND2x4_ASAP7_75t_SL      | 40.600 | 161.600 |  196.727 | 
     | core_g49701                               | A v -> Y v    | AND2x2_ASAP7_75t_SL      | 28.400 | 190.000 |  225.127 | 
     | core_g49587                               | B v -> Y v    | AND2x2_ASAP7_75t_SL      | 28.800 | 218.800 |  253.927 | 
     | FE_OFC107_core_n_48326                    | A v -> Y v    | BUFx2_ASAP7_75t_SL       | 49.100 | 267.900 |  303.027 | 
     | FE_OFC115_core_n_48326                    | A v -> Y ^    | INVxp33_ASAP7_75t_SL     | 36.000 | 303.900 |  339.027 | 
     | FE_OFC118_core_n_48326                    | A ^ -> Y v    | INVxp33_ASAP7_75t_SL     | 11.100 | 315.000 |  350.127 | 
     | core_g49150                               | A2 v -> Y ^   | AOI22xp5_ASAP7_75t_SL    | 11.400 | 326.400 |  361.527 | 
     | core_g48947                               | A ^ -> Y ^    | AND4x1_ASAP7_75t_SL      | 23.500 | 349.900 |  385.027 | 
     | core_g48888                               | A ^ -> Y v    | NAND5xp2_ASAP7_75t_SL    | 21.700 | 371.600 |  406.727 | 
     | core_g48863                               | B v -> Y v    | AO21x1_ASAP7_75t_SL      | 28.800 | 400.400 |  435.527 | 
     | core_csa_tree_add_337_39_g6536            | A v -> Y v    | XNOR2xp5_ASAP7_75t_SL    | 24.300 | 424.700 |  459.827 | 
     | core_csa_tree_add_337_39_g6470            | A v -> Y v    | XOR2xp5_ASAP7_75t_SL     | 24.300 | 449.000 |  484.127 | 
     | g506                                      | A v -> Y v    | XNOR2xp5_ASAP7_75t_SL    | 32.600 | 481.600 |  516.727 | 
     | g487                                      | A v -> Y v    | XNOR2xp5_ASAP7_75t_SL    | 21.800 | 503.400 |  538.527 | 
     | core_csa_tree_add_422_23_groupi_g67426    | B v -> Y ^    | NAND2xp5_ASAP7_75t_SL    | 13.300 | 516.700 |  551.827 | 
     | core_csa_tree_add_422_23_groupi_g5748_dup | B ^ -> Y v    | OAI21xp5_ASAP7_75t_SL    | 13.200 | 529.900 |  565.027 | 
     | core_csa_tree_add_422_23_groupi_g67448    | A1 v -> Y v   | AO21x1_ASAP7_75t_SL      | 21.000 | 550.900 |  586.027 | 
     | core_csa_tree_add_422_23_groupi_g67451    | A2 v -> Y v   | AO21x1_ASAP7_75t_SL      | 21.200 | 572.100 |  607.227 | 
     | g68244                                    | B v -> Y v    | AND2x2_ASAP7_75t_SL      | 16.600 | 588.700 |  623.827 | 
     | g68242                                    | A2 v -> Y ^   | AOI22xp5_ASAP7_75t_SL    |  9.900 | 598.600 |  633.727 | 
     | g96                                       | B ^ -> Y ^    | AND2x2_ASAP7_75t_SL      | 21.300 | 619.900 |  655.027 | 
     | core_csa_tree_add_422_23_groupi_g5726     | B ^ -> Y v    | NOR2xp33_ASAP7_75t_SL    | 21.700 | 641.600 |  676.727 | 
     | core_csa_tree_add_422_23_groupi_g67384    | A v -> Y ^    | NOR2xp33_ASAP7_75t_SL    | 37.600 | 679.200 |  714.327 | 
     | core_csa_tree_add_422_23_groupi_g5698     | A1 ^ -> Y v   | OAI21xp5_ASAP7_75t_SL    | 16.500 | 695.700 |  730.827 | 
     | core_csa_tree_add_422_23_groupi_g5690     | A v -> Y v    | XNOR2xp5_ASAP7_75t_SL    | 21.600 | 717.300 |  752.427 | 
     | core_g64207                               | A1 v -> Y ^   | AOI21xp5_ASAP7_75t_SL    | 10.200 | 727.500 |  762.627 | 
     | core_a_reg_reg[26]                        | D ^           | DFFASRHQNx1_ASAP7_75t_SL |  0.000 | 727.500 |  762.627 | 
     +--------------------------------------------------------------------------------------------------------------------+ 

